<?xml version="1.0" encoding="UTF-8"?>
<!-- Generated by org.testng.reporters.JUnitReportReporter -->
<testsuite hostname="LAPTOP-FN0IP21R" failures="0" tests="1" name="com.next.qa.testcases.StoreLocatorTest" time="4.037" errors="0" timestamp="2021-03-22T13:05:02 GMT" skipped="0">
  <testcase classname="com.next.qa.testcases.StoreLocatorTest" name="back" time="4.037"/>
  <system-out/>
</testsuite> <!-- com.next.qa.testcases.StoreLocatorTest -->
