<?xml version="1.0" encoding="UTF-8"?>
<!-- Generated by org.testng.reporters.JUnitReportReporter -->
<testsuite hostname="LAPTOP-FN0IP21R" failures="0" tests="2" name="com.next.qa.testcases.LoginPageTest" time="28.112" errors="0" timestamp="2021-04-17T11:55:20 BST" skipped="0">
  <testcase classname="com.next.qa.testcases.LoginPageTest" name="LoginTest" time="15.720"/>
  <system-out/>
  <testcase classname="com.next.qa.testcases.LoginPageTest" name="RegisternowclickTest" time="12.392"/>
  <system-out/>
</testsuite> <!-- com.next.qa.testcases.LoginPageTest -->
