<?xml version="1.0" encoding="UTF-8"?>
<!-- Generated by org.testng.reporters.JUnitReportReporter -->
<testsuite hostname="LAPTOP-FN0IP21R" failures="0" tests="1" name="com.next.qa.testcases.HomePageTest" time="13.671" errors="0" timestamp="2021-03-25T11:14:14 GMT" skipped="0">
  <testcase classname="com.next.qa.testcases.HomePageTest" name="MyaccountclickTest" time="13.671"/>
  <system-out/>
</testsuite> <!-- com.next.qa.testcases.HomePageTest -->
