<?xml version="1.0" encoding="UTF-8"?>
<!-- Generated by org.testng.reporters.JUnitReportReporter -->
<testsuite hostname="LAPTOP-FN0IP21R" failures="0" tests="1" name="com.next.qa.testcases.RegisterNowPagetest" time="16.738" errors="0" timestamp="2021-04-17T11:55:20 BST" skipped="0">
  <testcase classname="com.next.qa.testcases.RegisterNowPagetest" name="NameinputTest" time="16.738"/>
  <system-out/>
</testsuite> <!-- com.next.qa.testcases.RegisterNowPagetest -->
