<?xml version="1.0" encoding="UTF-8"?>
<!-- Generated by org.testng.reporters.JUnitReportReporter -->
<testsuite hostname="LAPTOP-FN0IP21R" failures="0" tests="1" name="com.next.qa.testcases.HelpPageTest" time="11.186" errors="0" timestamp="2021-03-22T12:46:57 GMT" skipped="0">
  <testcase classname="com.next.qa.testcases.HelpPageTest" name="Helplinkclick" time="11.186"/>
  <system-out/>
</testsuite> <!-- com.next.qa.testcases.HelpPageTest -->
